<?xml version="1.0" encoding="utf-8"?><testsuites><testsuite name="pytest" errors="0" failures="0" skipped="0" tests="9" time="0.081" timestamp="2021-07-17T21:37:07.317886" hostname="Mayank-Laptop"><testcase classname="tests.test_math" name="test_one_plus_one" time="0.002" /><testcase classname="tests.test_math" name="test_one_plus_two" time="0.001" /><testcase classname="tests.test_math" name="test_divide_by_zero" time="0.001" /><testcase classname="tests.test_math" name="test_multiplication[2-3-6]" time="0.002" /><testcase classname="tests.test_math" name="test_multiplication[1-99-99]" time="0.004" /><testcase classname="tests.test_math" name="test_multiplication[0-99-0]" time="0.003" /><testcase classname="tests.test_math" name="test_multiplication[3--4--12]" time="0.001" /><testcase classname="tests.test_math" name="test_multiplication[-5--5-25]" time="0.001" /><testcase classname="tests.test_math" name="test_multiplication[2.5-6.7-16.75]" time="0.004" /></testsuite></testsuites>